<?xml version="1.0" encoding="UTF-8"?>
<coverage generated="1775415780596" clover="3.2.0">
  <project timestamp="1775415780596" name="All files">
    <metrics statements="32" coveredstatements="32" conditionals="27" coveredconditionals="27" methods="8" coveredmethods="8" elements="67" coveredelements="67" complexity="0" loc="32" ncloc="32" packages="1" files="1" classes="1"/>
    <file name="converter.ts" path="/Users/arodriguez/patentia/n8n-tools/toonjson-n8n/nodes/ToonConverter/converter.ts">
      <metrics statements="32" coveredstatements="32" conditionals="27" coveredconditionals="27" methods="8" coveredmethods="8"/>
      <line num="3" count="1" type="stmt"/>
      <line num="4" count="1" type="stmt"/>
      <line num="5" count="1" type="stmt"/>
      <line num="11" count="6" type="stmt"/>
      <line num="19" count="18" type="cond" truecount="2" falsecount="0"/>
      <line num="20" count="3" type="stmt"/>
      <line num="36" count="302" type="cond" truecount="2" falsecount="0"/>
      <line num="38" count="300" type="cond" truecount="2" falsecount="0"/>
      <line num="39" count="81" type="stmt"/>
      <line num="40" count="81" type="cond" truecount="2" falsecount="0"/>
      <line num="44" count="29" type="stmt"/>
      <line num="45" count="29" type="stmt"/>
      <line num="46" count="29" type="stmt"/>
      <line num="48" count="2" type="stmt"/>
      <line num="51" count="52" type="stmt"/>
      <line num="54" count="219" type="cond" truecount="2" falsecount="0"/>
      <line num="55" count="23" type="stmt"/>
      <line num="58" count="208" type="cond" truecount="4" falsecount="0"/>
      <line num="59" count="171" type="stmt"/>
      <line num="60" count="171" type="stmt"/>
      <line num="61" count="213" type="cond" truecount="2" falsecount="0"/>
      <line num="62" count="211" type="stmt"/>
      <line num="64" count="171" type="stmt"/>
      <line num="67" count="37" type="stmt"/>
      <line num="77" count="3" type="stmt"/>
      <line num="78" count="5" type="cond" truecount="2" falsecount="0"/>
      <line num="79" count="3" type="stmt"/>
      <line num="88" count="16" type="cond" truecount="2" falsecount="0"/>
      <line num="89" count="16" type="stmt"/>
      <line num="96" count="15" type="stmt"/>
      <line num="97" count="15" type="stmt"/>
      <line num="105" count="11" type="stmt"/>
    </file>
  </project>
</coverage>
