{"/Users/arodriguez/patentia/n8n-tools/toonjson-n8n/nodes/ToonConverter/converter.ts": {"path":"/Users/arodriguez/patentia/n8n-tools/toonjson-n8n/nodes/ToonConverter/converter.ts","statementMap":{"0":{"start":{"line":3,"column":23},"end":{"line":3,"column":73}},"1":{"start":{"line":4,"column":28},"end":{"line":4,"column":null}},"2":{"start":{"line":5,"column":23},"end":{"line":5,"column":null}},"3":{"start":{"line":11,"column":1},"end":{"line":11,"column":null}},"4":{"start":{"line":19,"column":1},"end":{"line":22,"column":null}},"5":{"start":{"line":20,"column":2},"end":{"line":22,"column":null}},"6":{"start":{"line":36,"column":1},"end":{"line":36,"column":null}},"7":{"start":{"line":36,"column":34},"end":{"line":36,"column":null}},"8":{"start":{"line":38,"column":1},"end":{"line":51,"column":null}},"9":{"start":{"line":39,"column":18},"end":{"line":39,"column":30}},"10":{"start":{"line":40,"column":2},"end":{"line":48,"column":null}},"11":{"start":{"line":44,"column":3},"end":{"line":48,"column":null}},"12":{"start":{"line":45,"column":19},"end":{"line":45,"column":38}},"13":{"start":{"line":46,"column":4},"end":{"line":46,"column":null}},"14":{"start":{"line":48,"column":4},"end":{"line":48,"column":null}},"15":{"start":{"line":51,"column":2},"end":{"line":51,"column":null}},"16":{"start":{"line":54,"column":1},"end":{"line":55,"column":null}},"17":{"start":{"line":55,"column":2},"end":{"line":55,"column":null}},"18":{"start":{"line":55,"column":29},"end":{"line":55,"column":70}},"19":{"start":{"line":58,"column":1},"end":{"line":64,"column":null}},"20":{"start":{"line":59,"column":42},"end":{"line":59,"column":61}},"21":{"start":{"line":60,"column":2},"end":{"line":62,"column":null}},"22":{"start":{"line":61,"column":3},"end":{"line":61,"column":null}},"23":{"start":{"line":61,"column":30},"end":{"line":61,"column":null}},"24":{"start":{"line":62,"column":3},"end":{"line":62,"column":null}},"25":{"start":{"line":64,"column":2},"end":{"line":64,"column":null}},"26":{"start":{"line":67,"column":1},"end":{"line":67,"column":null}},"27":{"start":{"line":77,"column":1},"end":{"line":79,"column":null}},"28":{"start":{"line":78,"column":2},"end":{"line":78,"column":null}},"29":{"start":{"line":78,"column":29},"end":{"line":78,"column":null}},"30":{"start":{"line":79,"column":2},"end":{"line":79,"column":null}},"31":{"start":{"line":88,"column":18},"end":{"line":88,"column":null}},"32":{"start":{"line":89,"column":1},"end":{"line":89,"column":null}},"33":{"start":{"line":96,"column":1},"end":{"line":96,"column":null}},"34":{"start":{"line":97,"column":1},"end":{"line":97,"column":null}},"35":{"start":{"line":105,"column":1},"end":{"line":121,"column":null}}},"fnMap":{"0":{"name":"isForbiddenKey","decl":{"start":{"line":10,"column":16},"end":{"line":10,"column":31}},"loc":{"start":{"line":10,"column":53},"end":{"line":11,"column":null}},"line":10},"1":{"name":"validateInputSize","decl":{"start":{"line":18,"column":16},"end":{"line":18,"column":34}},"loc":{"start":{"line":18,"column":72},"end":{"line":22,"column":null}},"line":18},"2":{"name":"deepParseStringifiedJson","decl":{"start":{"line":35,"column":16},"end":{"line":35,"column":41}},"loc":{"start":{"line":35,"column":77},"end":{"line":67,"column":null}},"line":35},"3":{"name":"(anonymous_3)","decl":{"start":{"line":55,"column":15},"end":{"line":55,"column":20}},"loc":{"start":{"line":55,"column":29},"end":{"line":55,"column":70}},"line":55},"4":{"name":"safeMerge","decl":{"start":{"line":73,"column":16},"end":{"line":73,"column":null}},"loc":{"start":{"line":76,"column":8},"end":{"line":79,"column":null}},"line":76},"5":{"name":"convertToToon","decl":{"start":{"line":87,"column":16},"end":{"line":87,"column":30}},"loc":{"start":{"line":87,"column":76},"end":{"line":89,"column":null}},"line":87},"6":{"name":"convertToJson","decl":{"start":{"line":95,"column":16},"end":{"line":95,"column":30}},"loc":{"start":{"line":95,"column":57},"end":{"line":97,"column":null}},"line":95},"7":{"name":"generateInputInstruction","decl":{"start":{"line":104,"column":16},"end":{"line":104,"column":51}},"loc":{"start":{"line":104,"column":51},"end":{"line":121,"column":null}},"line":104}},"branchMap":{"0":{"loc":{"start":{"line":18,"column":49},"end":{"line":18,"column":72}},"type":"default-arg","locations":[{"start":{"line":18,"column":57},"end":{"line":18,"column":72}}],"line":18},"1":{"loc":{"start":{"line":19,"column":1},"end":{"line":22,"column":null}},"type":"if","locations":[{"start":{"line":19,"column":1},"end":{"line":22,"column":null}},{"start":{},"end":{}}],"line":19},"2":{"loc":{"start":{"line":35,"column":57},"end":{"line":35,"column":77}},"type":"default-arg","locations":[{"start":{"line":35,"column":65},"end":{"line":35,"column":77}}],"line":35},"3":{"loc":{"start":{"line":36,"column":1},"end":{"line":36,"column":null}},"type":"if","locations":[{"start":{"line":36,"column":1},"end":{"line":36,"column":null}},{"start":{},"end":{}}],"line":36},"4":{"loc":{"start":{"line":38,"column":1},"end":{"line":51,"column":null}},"type":"if","locations":[{"start":{"line":38,"column":1},"end":{"line":51,"column":null}},{"start":{},"end":{}}],"line":38},"5":{"loc":{"start":{"line":40,"column":2},"end":{"line":48,"column":null}},"type":"if","locations":[{"start":{"line":40,"column":2},"end":{"line":48,"column":null}},{"start":{},"end":{}}],"line":40},"6":{"loc":{"start":{"line":41,"column":4},"end":{"line":42,"column":52}},"type":"binary-expr","locations":[{"start":{"line":41,"column":4},"end":{"line":41,"column":27}},{"start":{"line":41,"column":31},"end":{"line":41,"column":52}},{"start":{"line":42,"column":4},"end":{"line":42,"column":27}},{"start":{"line":42,"column":31},"end":{"line":42,"column":52}}],"line":41},"7":{"loc":{"start":{"line":54,"column":1},"end":{"line":55,"column":null}},"type":"if","locations":[{"start":{"line":54,"column":1},"end":{"line":55,"column":null}},{"start":{},"end":{}}],"line":54},"8":{"loc":{"start":{"line":58,"column":1},"end":{"line":64,"column":null}},"type":"if","locations":[{"start":{"line":58,"column":1},"end":{"line":64,"column":null}},{"start":{},"end":{}}],"line":58},"9":{"loc":{"start":{"line":58,"column":5},"end":{"line":58,"column":50}},"type":"binary-expr","locations":[{"start":{"line":58,"column":5},"end":{"line":58,"column":34}},{"start":{"line":58,"column":34},"end":{"line":58,"column":50}}],"line":58},"10":{"loc":{"start":{"line":61,"column":3},"end":{"line":61,"column":null}},"type":"if","locations":[{"start":{"line":61,"column":3},"end":{"line":61,"column":null}},{"start":{},"end":{}}],"line":61},"11":{"loc":{"start":{"line":78,"column":2},"end":{"line":78,"column":null}},"type":"if","locations":[{"start":{"line":78,"column":2},"end":{"line":78,"column":null}},{"start":{},"end":{}}],"line":78},"12":{"loc":{"start":{"line":87,"column":45},"end":{"line":87,"column":76}},"type":"default-arg","locations":[{"start":{"line":87,"column":61},"end":{"line":87,"column":76}}],"line":87},"13":{"loc":{"start":{"line":88,"column":18},"end":{"line":88,"column":null}},"type":"cond-expr","locations":[{"start":{"line":88,"column":34},"end":{"line":88,"column":64}},{"start":{"line":88,"column":67},"end":{"line":88,"column":null}}],"line":88}},"s":{"0":1,"1":1,"2":1,"3":6,"4":18,"5":3,"6":302,"7":2,"8":300,"9":81,"10":81,"11":29,"12":29,"13":29,"14":2,"15":52,"16":219,"17":11,"18":23,"19":208,"20":171,"21":171,"22":213,"23":2,"24":211,"25":171,"26":37,"27":3,"28":5,"29":2,"30":3,"31":16,"32":16,"33":15,"34":15,"35":11},"f":{"0":6,"1":18,"2":302,"3":23,"4":3,"5":16,"6":15,"7":11},"b":{"0":[18],"1":[3,15],"2":[302],"3":[2,300],"4":[81,219],"5":[29,52],"6":[81,25,57,5],"7":[11,208],"8":[171,37],"9":[208,172],"10":[2,211],"11":[2,3],"12":[16],"13":[3,13]},"meta":{"lastBranch":14,"lastFunction":8,"lastStatement":36,"seen":{"s:3:23:3:73":0,"s:4:28:4:Infinity":1,"s:5:23:5:Infinity":2,"f:10:16:10:31":0,"s:11:1:11:Infinity":3,"f:18:16:18:34":1,"b:18:57:18:72":0,"b:19:1:22:Infinity:undefined:undefined:undefined:undefined":1,"s:19:1:22:Infinity":4,"s:20:2:22:Infinity":5,"f:35:16:35:41":2,"b:35:65:35:77":2,"b:36:1:36:Infinity:undefined:undefined:undefined:undefined":3,"s:36:1:36:Infinity":6,"s:36:34:36:Infinity":7,"b:38:1:51:Infinity:undefined:undefined:undefined:undefined":4,"s:38:1:51:Infinity":8,"s:39:18:39:30":9,"b:40:2:48:Infinity:undefined:undefined:undefined:undefined":5,"s:40:2:48:Infinity":10,"b:41:4:41:27:41:31:41:52:42:4:42:27:42:31:42:52":6,"s:44:3:48:Infinity":11,"s:45:19:45:38":12,"s:46:4:46:Infinity":13,"s:48:4:48:Infinity":14,"s:51:2:51:Infinity":15,"b:54:1:55:Infinity:undefined:undefined:undefined:undefined":7,"s:54:1:55:Infinity":16,"s:55:2:55:Infinity":17,"f:55:15:55:20":3,"s:55:29:55:70":18,"b:58:1:64:Infinity:undefined:undefined:undefined:undefined":8,"s:58:1:64:Infinity":19,"b:58:5:58:34:58:34:58:50":9,"s:59:42:59:61":20,"s:60:2:62:Infinity":21,"b:61:3:61:Infinity:undefined:undefined:undefined:undefined":10,"s:61:3:61:Infinity":22,"s:61:30:61:Infinity":23,"s:62:3:62:Infinity":24,"s:64:2:64:Infinity":25,"s:67:1:67:Infinity":26,"f:73:16:73:Infinity":4,"s:77:1:79:Infinity":27,"b:78:2:78:Infinity:undefined:undefined:undefined:undefined":11,"s:78:2:78:Infinity":28,"s:78:29:78:Infinity":29,"s:79:2:79:Infinity":30,"f:87:16:87:30":5,"b:87:61:87:76":12,"s:88:18:88:Infinity":31,"b:88:34:88:64:88:67:88:Infinity":13,"s:89:1:89:Infinity":32,"f:95:16:95:30":6,"s:96:1:96:Infinity":33,"s:97:1:97:Infinity":34,"f:104:16:104:51":7,"s:105:1:121:Infinity":35}}}
}
